+++ 19-6-2013 10:06:28.020428 INFO NORMAL t_log::t_log
Twinkle 1.4.2, February 25 2009
---

+++ 19-6-2013 10:06:28.020555 INFO NORMAL t_log::t_log
Built with support for: ALSA, Speex, ZRTP
---

+++ 19-6-2013 10:06:28.020578 INFO NORMAL ::main
Threading implementation is NPTL.
---

+++ 19-6-2013 10:06:28.036280 INFO NORMAL t_user::read_config
Reading config: globant.cfg
---

+++ 19-6-2013 10:06:28.077758 INFO NORMAL t_phone_user::t_phone_user
globant: buddy list loaded.
---

+++ 19-6-2013 10:06:28.077841 INFO NORMAL ::main
ICMP processing enabled.
---

+++ 19-6-2013 10:06:28.168630 INFO NORMAL ::main
Created local socket: /home/ejl/.twinkle/.cmdsock
---

+++ 19-6-2013 10:06:28.169054 INFO NORMAL t_alsa_io::open
Opening ALSA device: default
play
---

+++ 19-6-2013 10:06:28.485062 INFO NORMAL t_alsa_io::open
Opening ALSA device: default
play
capture
---

+++ 19-6-2013 10:06:28.485113 INFO NORMAL t_alsa_io::open
Opening ALSA device: default
play
---

+++ 19-6-2013 10:06:28.487785 INFO NORMAL t_alsa_io::open
Opening ALSA device: default
capture
---

+++ 19-6-2013 10:06:28.963908 INFO NORMAL t_alsa_io::open
Opening ALSA device: default
play
capture
---

+++ 19-6-2013 10:06:28.964032 INFO NORMAL t_alsa_io::open
Opening ALSA device: default
play
---

+++ 19-6-2013 10:06:28.971998 INFO NORMAL t_alsa_io::open
Opening ALSA device: default
capture
---

+++ 19-6-2013 10:06:29.253962 INFO SIP ::send_sip_udp
Send to: udp:10.24.200.1:5060
REGISTER sip:sip.globant.com SIP/2.0
Via: SIP/2.0/UDP 10.30.10.87;rport;branch=z9hG4bKsxfeqyts
Max-Forwards: 70
To: "Emiliano Lourbet" <sip:16292@sip.globant.com>
From: "Emiliano Lourbet" <sip:16292@sip.globant.com>;tag=ehqsx
Call-ID: ruykktyiocgcnal@taitooz-work
CSeq: 828 REGISTER
Contact: <sip:16292@10.30.10.87>;expires=3600
Allow: INVITE,ACK,BYE,CANCEL,OPTIONS,PRACK,REFER,NOTIFY,SUBSCRIBE,INFO,MESSAGE
User-Agent: Twinkle/1.4.2
Content-Length: 0


---

+++ 19-6-2013 10:06:29.261932 INFO SIP ::process_sip_msg
Received from: udp:10.24.200.1:5060
SIP/2.0 401 Unauthorized
From: "Emiliano Lourbet" <sip:16292@sip.globant.com>;tag=ehqsx
To: "Emiliano Lourbet" <sip:16292@sip.globant.com>;tag=PmAvG2
Call-Id: ruykktyiocgcnal@taitooz-work
Cseq: 828 REGISTER
Via: SIP/2.0/UDP 10.30.10.87;rport=5060;branch=z9hG4bKsxfeqyts
Www-Authenticate: Digest realm="sip.globant.com", nonce="742a0d7af66054d33fcc838ba8c8943551c1acd4", qop="auth"
User-Agent: sipXecs/4.4.0 sipXecs/registry (Linux)
Date: Wed, 19 Jun 2013 13:06:28 GMT
Allow: INVITE, ACK, CANCEL, BYE, REFER, OPTIONS, REGISTER, SUBSCRIBE
Accept-Language: en
Supported: gruu, path
Content-Length: 0


---

+++ 19-6-2013 10:06:29.263243 INFO SIP ::send_sip_udp
Send to: udp:10.24.200.1:5060
REGISTER sip:sip.globant.com SIP/2.0
Via: SIP/2.0/UDP 10.30.10.87;rport;branch=z9hG4bKalcinply
Max-Forwards: 70
To: "Emiliano Lourbet" <sip:16292@sip.globant.com>
From: "Emiliano Lourbet" <sip:16292@sip.globant.com>;tag=ehqsx
Call-ID: ruykktyiocgcnal@taitooz-work
CSeq: 829 REGISTER
Contact: <sip:16292@10.30.10.87>;expires=3600
Authorization: Digest username="16292",realm="sip.globant.com",nonce="742a0d7af66054d33fcc838ba8c8943551c1acd4",uri="sip:sip.globant.com",response="cc9e4a345dedc10dfdaad7d50715cca7",algorithm=MD5,cnonce="9e5ae126fe",qop=auth,nc=00000001
Allow: INVITE,ACK,BYE,CANCEL,OPTIONS,PRACK,REFER,NOTIFY,SUBSCRIBE,INFO,MESSAGE
User-Agent: Twinkle/1.4.2
Content-Length: 0


---

+++ 19-6-2013 10:06:29.271565 INFO SIP ::process_sip_msg
Received from: udp:10.24.200.1:5060
SIP/2.0 200 OK
From: "Emiliano Lourbet" <sip:16292@sip.globant.com>;tag=ehqsx
To: "Emiliano Lourbet" <sip:16292@sip.globant.com>;tag=74r4Jl
Call-Id: ruykktyiocgcnal@taitooz-work
Cseq: 829 REGISTER
Via: SIP/2.0/UDP 10.30.10.87;rport=5060;branch=z9hG4bKalcinply
Contact: <sip:16292@10.30.10.87>;EXPIRES=1529
Expires: 1529
User-Agent: sipXecs/4.4.0 sipXecs/registry (Linux)
Date: Wed, 19 Jun 2013 13:06:28 GMT
Allow: INVITE, ACK, CANCEL, BYE, REFER, OPTIONS, REGISTER, SUBSCRIBE
Accept-Language: en
Supported: gruu, path
Content-Length: 0


---

+++ 19-6-2013 10:06:29.330044 INFO SIP ::send_sip_udp
Send to: udp:10.24.200.1:5060
PUBLISH sip:16292@sip.globant.com SIP/2.0
Via: SIP/2.0/UDP 10.30.10.87;rport;branch=z9hG4bKjmwndwgx
Max-Forwards: 70
To: "Emiliano Lourbet" <sip:16292@sip.globant.com>
From: "Emiliano Lourbet" <sip:16292@sip.globant.com>;tag=vurpr
Call-ID: vsalbenvzlympga@taitooz-work
CSeq: 693 PUBLISH
Content-Type: application/pidf+xml
Event: presence
Expires: 60
User-Agent: Twinkle/1.4.2
Content-Length: 195

<?xml version="1.0" encoding="UTF-8"?>
<presence xmlns="urn:ietf:params:xml:ns:pidf" entity="sip:16292@sip.globant.com"><tuple id="imrtnc"><status><basic>open</basic></status></tuple></presence>

---

+++ 19-6-2013 10:06:29.340243 INFO SIP ::process_sip_msg
Received from: udp:10.24.200.1:5060
PUBLISH sip:16292@10.30.10.87;x-sipX-nonat;sipXecs-CallDest=INT SIP/2.0
Via: SIP/2.0/UDP 10.24.200.1;branch=z9hG4bK-XX-a527a9DBwNTlXI_pJ1ebSejqRA~A5NNy0TYms4FUL41AidfcQ
Via: SIP/2.0/UDP 10.30.10.87;rport=5060;branch=z9hG4bKjmwndwgx
Max-Forwards: 19
To: "Emiliano Lourbet" <sip:16292@sip.globant.com>
From: "Emiliano Lourbet" <sip:16292@sip.globant.com>;tag=vurpr
Call-Id: vsalbenvzlympga@taitooz-work
Cseq: 693 PUBLISH
Content-Type: application/pidf+xml
Event: presence
Expires: 60
User-Agent: Twinkle/1.4.2
Content-Length: 195
Date: Wed, 19 Jun 2013 13:06:28 GMT
X-Sipx-Spiral: true

<?xml version="1.0" encoding="UTF-8"?>
<presence xmlns="urn:ietf:params:xml:ns:pidf" entity="sip:16292@sip.globant.com"><tuple id="imrtnc"><status><basic>open</basic></status></tuple></presence>

---

+++ 19-6-2013 10:06:29.341217 INFO SIP ::send_sip_udp
Send to: udp:10.24.200.1:5060
SIP/2.0 501 Not Implemented
Via: SIP/2.0/UDP 10.24.200.1;branch=z9hG4bK-XX-a527a9DBwNTlXI_pJ1ebSejqRA~A5NNy0TYms4FUL41AidfcQ,SIP/2.0/UDP 10.30.10.87;rport=5060;branch=z9hG4bKjmwndwgx
To: "Emiliano Lourbet" <sip:16292@sip.globant.com>;tag=tabnr
From: "Emiliano Lourbet" <sip:16292@sip.globant.com>;tag=vurpr
Call-ID: vsalbenvzlympga@taitooz-work
CSeq: 693 PUBLISH
Server: Twinkle/1.4.2
Content-Length: 0


---

+++ 19-6-2013 10:06:29.365332 INFO SIP ::process_sip_msg
Received from: udp:10.24.200.1:5060
SIP/2.0 415 Unsupported Media Type
To: "Emiliano Lourbet" <sip:16292@sip.globant.com>;tag=6cac84f733b23dc9i0
From: "Emiliano Lourbet" <sip:16292@sip.globant.com>;tag=vurpr
Call-Id: vsalbenvzlympga@taitooz-work
Cseq: 693 PUBLISH
Via: SIP/2.0/UDP 10.30.10.87;rport=5060;branch=z9hG4bKjmwndwgx
Server: Linksys/SPA942-5.2.8
Content-Length: 0
Date: Wed, 19 Jun 2013 13:06:28 GMT


---

+++ 19-6-2013 10:06:29.365785 WARNING NORMAL t_epa::recv_response
PUBLISH failure response.
415 Unsupported Media Type
Event: presence, URI: sip:16292@sip.globant.com, SIP-ETag: 
---

+++ 19-6-2013 10:07:32.728381 INFO SIP ::send_sip_udp
Send to: udp:10.24.200.1:5060
REGISTER sip:sip.globant.com SIP/2.0
Via: SIP/2.0/UDP 10.30.10.87;rport;branch=z9hG4bKxhwskivo
Max-Forwards: 70
To: "Emiliano Lourbet" <sip:16292@sip.globant.com>
From: "Emiliano Lourbet" <sip:16292@sip.globant.com>;tag=fcpkz
Call-ID: ruykktyiocgcnal@taitooz-work
CSeq: 830 REGISTER
Contact: <sip:16292@10.30.10.87>;expires=0
Allow: INVITE,ACK,BYE,CANCEL,OPTIONS,PRACK,REFER,NOTIFY,SUBSCRIBE,INFO,MESSAGE
User-Agent: Twinkle/1.4.2
Content-Length: 0


---

+++ 19-6-2013 10:07:32.735470 INFO SIP ::process_sip_msg
Received from: udp:10.24.200.1:5060
SIP/2.0 401 Unauthorized
From: "Emiliano Lourbet" <sip:16292@sip.globant.com>;tag=fcpkz
To: "Emiliano Lourbet" <sip:16292@sip.globant.com>;tag=lwJOZ2
Call-Id: ruykktyiocgcnal@taitooz-work
Cseq: 830 REGISTER
Via: SIP/2.0/UDP 10.30.10.87;rport=5060;branch=z9hG4bKxhwskivo
Www-Authenticate: Digest realm="sip.globant.com", nonce="d6dabd7f7d877bbb7bad670458900d1951c1ad13", qop="auth"
User-Agent: sipXecs/4.4.0 sipXecs/registry (Linux)
Date: Wed, 19 Jun 2013 13:07:31 GMT
Allow: INVITE, ACK, CANCEL, BYE, REFER, OPTIONS, REGISTER, SUBSCRIBE
Accept-Language: en
Supported: gruu, path
Content-Length: 0


---

+++ 19-6-2013 10:07:32.735893 INFO SIP ::send_sip_udp
Send to: udp:10.24.200.1:5060
REGISTER sip:sip.globant.com SIP/2.0
Via: SIP/2.0/UDP 10.30.10.87;rport;branch=z9hG4bKqeiexbka
Max-Forwards: 70
To: "Emiliano Lourbet" <sip:16292@sip.globant.com>
From: "Emiliano Lourbet" <sip:16292@sip.globant.com>;tag=fcpkz
Call-ID: ruykktyiocgcnal@taitooz-work
CSeq: 831 REGISTER
Contact: <sip:16292@10.30.10.87>;expires=0
Authorization: Digest username="16292",realm="sip.globant.com",nonce="d6dabd7f7d877bbb7bad670458900d1951c1ad13",uri="sip:sip.globant.com",response="2bac4a2620c79e9646cec83351559250",algorithm=MD5,cnonce="12b183ef13",qop=auth,nc=00000001
Allow: INVITE,ACK,BYE,CANCEL,OPTIONS,PRACK,REFER,NOTIFY,SUBSCRIBE,INFO,MESSAGE
User-Agent: Twinkle/1.4.2
Content-Length: 0


---

+++ 19-6-2013 10:07:32.743392 INFO SIP ::process_sip_msg
Received from: udp:10.24.200.1:5060
SIP/2.0 200 OK
From: "Emiliano Lourbet" <sip:16292@sip.globant.com>;tag=fcpkz
To: "Emiliano Lourbet" <sip:16292@sip.globant.com>;tag=7BZW_u
Call-Id: ruykktyiocgcnal@taitooz-work
Cseq: 831 REGISTER
Via: SIP/2.0/UDP 10.30.10.87;rport=5060;branch=z9hG4bKqeiexbka
User-Agent: sipXecs/4.4.0 sipXecs/registry (Linux)
Date: Wed, 19 Jun 2013 13:07:31 GMT
Allow: INVITE, ACK, CANCEL, BYE, REFER, OPTIONS, REGISTER, SUBSCRIBE
Accept-Language: en
Supported: gruu, path
Content-Length: 0


---

+++ 19-6-2013 10:07:33.775921 INFO NORMAL ::listen_for_data_tcp
TCP data listener terminated.
---

+++ 19-6-2013 10:07:33.776090 INFO NORMAL ::tcp_sender_loop
TCP sender terminated.
---

+++ 19-6-2013 10:07:34.179912 INFO NORMAL ::connection_timeout_main
Connection timeout handler terminated.
---

+++ 19-6-2013 10:07:34.217464 INFO NORMAL t_event_queue::~t_event_queue
Clean up event queue.
---

+++ 19-6-2013 10:07:34.217608 INFO NORMAL t_phone::~t_phone
Number of lines to cleanup: 3
---

+++ 19-6-2013 10:07:34.217656 INFO NORMAL t_transaction_mgr::~t_transaction_mgr
Clean up transaction manager.

Deleting client transaction: 
Tid: 5, Method: REGISTER, State: TS_COMPLETED

Deleting client transaction: 
Tid: 6, Method: REGISTER, State: TS_COMPLETED
---

+++ 19-6-2013 10:07:34.217783 INFO NORMAL t_timekeeper::~t_timekeeper
Clean up timekeeper.

Deleting timer:
Id: 20, Type: TMR_TRANSACTION, Timer: TIMER_K
Duration: 5000, Relative duration: 4991
Transaction id: 5

Deleting timer:
Id: 23, Type: TMR_TRANSACTION, Timer: TIMER_K
Duration: 5000, Relative duration: 10
Transaction id: 6
---

+++ 19-6-2013 10:07:34.217842 INFO NORMAL t_event_queue::~t_event_queue
Clean up event queue.
---

+++ 19-6-2013 10:07:34.217858 INFO NORMAL t_event_queue::~t_event_queue
Clean up event queue.
---

+++ 19-6-2013 10:07:34.217873 INFO NORMAL t_event_queue::~t_event_queue
Clean up event queue.
---

+++ 19-6-2013 10:07:34.217889 INFO NORMAL t_event_queue::~t_event_queue
Clean up event queue.

Deleting unprocessed event: 
Type: EV_STOP_TIMER, Pointer: 0xa128b18

Deleting unprocessed event: 
Type: EV_STOP_TIMER, Pointer: 0xa06f658
---

+++ 19-6-2013 10:07:34.221870 INFO MEMORY t_memman::report_stats
Number of allocations: 590
Number of duplicate allocations: 0
Number of de-allocations: 590
Number of mismatched de-allocations: 0
Number of array/non-array mixed operations: 0
Number of unallocated pointers: 0
---

+++ 19-6-2013 10:07:34.221994 INFO MEMORY t_memman::report_leaks
All pointers have correctly been deallocated.
---

